<?xml version="1.0" encoding="UTF-8"?>
<!-- Generated by org.testng.reporters.JUnitXMLReporter -->
<testsuite ignored="0" hostname="LAPTOP-5SGPDORB" failures="0" tests="3" name="Default test" time="13.171" errors="0" timestamp="2025-11-05T20:56:14 IST">
  <testcase classname="dataDriverExcel.LoginCases" name="loginTest" time="2.816"/>
  <testcase classname="dataDriverExcel.LoginCases" name="loginTest" time="2.692"/>
  <testcase classname="dataDriverExcel.LoginCases" name="loginTest" time="2.745"/>
</testsuite> <!-- Default test -->
