<?xml version="1.0" encoding="UTF-8"?>
<!-- Generated by org.testng.reporters.JUnitXMLReporter -->
<testsuite ignored="0" hostname="LAPTOP-5SGPDORB" failures="0" tests="3" name="Default test" time="13.787" errors="0" timestamp="2025-11-05T22:01:54 IST">
  <testcase classname="jsonDataDriven.JsonLoginTest" name="loginTest" time="2.918"/>
  <testcase classname="jsonDataDriven.JsonLoginTest" name="loginTest" time="2.676"/>
  <testcase classname="jsonDataDriven.JsonLoginTest" name="loginTest" time="2.65"/>
</testsuite> <!-- Default test -->
