<?xml version="1.0" encoding="UTF-8"?>
<testng-results ignored="0" total="3" passed="3" failed="0" skipped="0">
  <reporter-output>
  </reporter-output>
  <suite started-at="2025-11-05T22:01:40 IST" name="Default suite" finished-at="2025-11-05T22:01:54 IST" duration-ms="13787">
    <groups>
    </groups>
    <test started-at="2025-11-05T22:01:40 IST" name="Default test" finished-at="2025-11-05T22:01:54 IST" duration-ms="13787">
      <class name="jsonDataDriven.JsonLoginTest">
        <test-method is-config="true" signature="browserSetup()[pri:0, instance:jsonDataDriven.JsonLoginTest@5e0826e7]" started-at="2025-11-05T22:01:40 IST" name="browserSetup" finished-at="2025-11-05T22:01:43 IST" duration-ms="3240" status="PASS">
          <reporter-output>
          </reporter-output>
        </test-method> <!-- browserSetup -->
        <test-method signature="loginTest(java.lang.String,java.lang.String)[pri:0, instance:jsonDataDriven.JsonLoginTest@5e0826e7]" started-at="2025-11-05T22:01:43 IST" name="loginTest" data-provider="jsonDataProvider" finished-at="2025-11-05T22:01:46 IST" duration-ms="2918" status="PASS">
          <params>
            <param index="0">
              <value>
                <![CDATA[rahulshettyacademy]]>
              </value>
            </param>
            <param index="1">
              <value>
                <![CDATA[learning]]>
              </value>
            </param>
          </params>
          <reporter-output>
          </reporter-output>
        </test-method> <!-- loginTest -->
        <test-method is-config="true" signature="tearDown()[pri:0, instance:jsonDataDriven.JsonLoginTest@5e0826e7]" started-at="2025-11-05T22:01:46 IST" name="tearDown" finished-at="2025-11-05T22:01:46 IST" duration-ms="203" status="PASS">
          <reporter-output>
          </reporter-output>
        </test-method> <!-- tearDown -->
        <test-method is-config="true" signature="browserSetup()[pri:0, instance:jsonDataDriven.JsonLoginTest@5e0826e7]" started-at="2025-11-05T22:01:46 IST" name="browserSetup" finished-at="2025-11-05T22:01:47 IST" duration-ms="712" status="PASS">
          <reporter-output>
          </reporter-output>
        </test-method> <!-- browserSetup -->
        <test-method signature="loginTest(java.lang.String,java.lang.String)[pri:0, instance:jsonDataDriven.JsonLoginTest@5e0826e7]" started-at="2025-11-05T22:01:47 IST" name="loginTest" data-provider="jsonDataProvider" finished-at="2025-11-05T22:01:50 IST" duration-ms="2676" status="PASS">
          <params>
            <param index="0">
              <value>
                <![CDATA[rahul]]>
              </value>
            </param>
            <param index="1">
              <value>
                <![CDATA[rahul]]>
              </value>
            </param>
          </params>
          <reporter-output>
          </reporter-output>
        </test-method> <!-- loginTest -->
        <test-method is-config="true" signature="tearDown()[pri:0, instance:jsonDataDriven.JsonLoginTest@5e0826e7]" started-at="2025-11-05T22:01:50 IST" name="tearDown" finished-at="2025-11-05T22:01:50 IST" duration-ms="188" status="PASS">
          <reporter-output>
          </reporter-output>
        </test-method> <!-- tearDown -->
        <test-method is-config="true" signature="browserSetup()[pri:0, instance:jsonDataDriven.JsonLoginTest@5e0826e7]" started-at="2025-11-05T22:01:50 IST" name="browserSetup" finished-at="2025-11-05T22:01:51 IST" duration-ms="739" status="PASS">
          <reporter-output>
          </reporter-output>
        </test-method> <!-- browserSetup -->
        <test-method signature="loginTest(java.lang.String,java.lang.String)[pri:0, instance:jsonDataDriven.JsonLoginTest@5e0826e7]" started-at="2025-11-05T22:01:51 IST" name="loginTest" data-provider="jsonDataProvider" finished-at="2025-11-05T22:01:53 IST" duration-ms="2650" status="PASS">
          <params>
            <param index="0">
              <value>
                <![CDATA[kahul]]>
              </value>
            </param>
            <param index="1">
              <value>
                <![CDATA[kahul]]>
              </value>
            </param>
          </params>
          <reporter-output>
          </reporter-output>
        </test-method> <!-- loginTest -->
        <test-method is-config="true" signature="tearDown()[pri:0, instance:jsonDataDriven.JsonLoginTest@5e0826e7]" started-at="2025-11-05T22:01:53 IST" name="tearDown" finished-at="2025-11-05T22:01:53 IST" duration-ms="203" status="PASS">
          <reporter-output>
          </reporter-output>
        </test-method> <!-- tearDown -->
      </class> <!-- jsonDataDriven.JsonLoginTest -->
    </test> <!-- Default test -->
  </suite> <!-- Default suite -->
</testng-results>
