<?xml version="1.0" encoding="UTF-8"?>
<testng-results ignored="1" total="4" passed="3" failed="0" skipped="0">
  <reporter-output>
  </reporter-output>
  <suite started-at="2025-11-05T22:48:44 IST" name="Default suite" finished-at="2025-11-05T22:48:58 IST" duration-ms="13846">
    <groups>
    </groups>
    <test started-at="2025-11-05T22:48:44 IST" name="Default test" finished-at="2025-11-05T22:48:58 IST" duration-ms="13846">
      <class name="jsonDataDriven.JsonLoginTest">
        <test-method is-config="true" signature="browserSetup()[pri:0, instance:jsonDataDriven.JsonLoginTest@8dbdac1]" started-at="2025-11-05T22:48:44 IST" name="browserSetup" finished-at="2025-11-05T22:48:47 IST" duration-ms="2959" status="PASS">
          <reporter-output>
          </reporter-output>
        </test-method> <!-- browserSetup -->
        <test-method signature="loginTestIterator(jsonDataDriven.UserPojo)[pri:0, instance:jsonDataDriven.JsonLoginTest@8dbdac1]" started-at="2025-11-05T22:48:47 IST" name="loginTestIterator" data-provider="jsonIterDataProvider" finished-at="2025-11-05T22:48:50 IST" duration-ms="2936" status="PASS">
          <params>
            <param index="0">
              <value>
                <![CDATA[jsonDataDriven.UserPojo@41f35f7c]]>
              </value>
            </param>
          </params>
          <reporter-output>
          </reporter-output>
        </test-method> <!-- loginTestIterator -->
        <test-method is-config="true" signature="tearDown()[pri:0, instance:jsonDataDriven.JsonLoginTest@8dbdac1]" started-at="2025-11-05T22:48:50 IST" name="tearDown" finished-at="2025-11-05T22:48:50 IST" duration-ms="244" status="PASS">
          <reporter-output>
          </reporter-output>
        </test-method> <!-- tearDown -->
        <test-method is-config="true" signature="browserSetup()[pri:0, instance:jsonDataDriven.JsonLoginTest@8dbdac1]" started-at="2025-11-05T22:48:50 IST" name="browserSetup" finished-at="2025-11-05T22:48:51 IST" duration-ms="768" status="PASS">
          <reporter-output>
          </reporter-output>
        </test-method> <!-- browserSetup -->
        <test-method signature="loginTestIterator(jsonDataDriven.UserPojo)[pri:0, instance:jsonDataDriven.JsonLoginTest@8dbdac1]" started-at="2025-11-05T22:48:51 IST" name="loginTestIterator" data-provider="jsonIterDataProvider" finished-at="2025-11-05T22:48:54 IST" duration-ms="2924" status="PASS">
          <params>
            <param index="0">
              <value>
                <![CDATA[jsonDataDriven.UserPojo@66c83fc8]]>
              </value>
            </param>
          </params>
          <reporter-output>
          </reporter-output>
        </test-method> <!-- loginTestIterator -->
        <test-method is-config="true" signature="tearDown()[pri:0, instance:jsonDataDriven.JsonLoginTest@8dbdac1]" started-at="2025-11-05T22:48:54 IST" name="tearDown" finished-at="2025-11-05T22:48:54 IST" duration-ms="184" status="PASS">
          <reporter-output>
          </reporter-output>
        </test-method> <!-- tearDown -->
        <test-method is-config="true" signature="browserSetup()[pri:0, instance:jsonDataDriven.JsonLoginTest@8dbdac1]" started-at="2025-11-05T22:48:54 IST" name="browserSetup" finished-at="2025-11-05T22:48:55 IST" duration-ms="724" status="PASS">
          <reporter-output>
          </reporter-output>
        </test-method> <!-- browserSetup -->
        <test-method signature="loginTestIterator(jsonDataDriven.UserPojo)[pri:0, instance:jsonDataDriven.JsonLoginTest@8dbdac1]" started-at="2025-11-05T22:48:55 IST" name="loginTestIterator" data-provider="jsonIterDataProvider" finished-at="2025-11-05T22:48:58 IST" duration-ms="2573" status="PASS">
          <params>
            <param index="0">
              <value>
                <![CDATA[jsonDataDriven.UserPojo@1686f0b4]]>
              </value>
            </param>
          </params>
          <reporter-output>
          </reporter-output>
        </test-method> <!-- loginTestIterator -->
        <test-method is-config="true" signature="tearDown()[pri:0, instance:jsonDataDriven.JsonLoginTest@8dbdac1]" started-at="2025-11-05T22:48:58 IST" name="tearDown" finished-at="2025-11-05T22:48:58 IST" duration-ms="199" status="PASS">
          <reporter-output>
          </reporter-output>
        </test-method> <!-- tearDown -->
      </class> <!-- jsonDataDriven.JsonLoginTest -->
    </test> <!-- Default test -->
  </suite> <!-- Default suite -->
</testng-results>
