<?xml version="1.0" encoding="UTF-8"?>
<!-- Generated by org.testng.reporters.JUnitReportReporter -->
<testsuite hostname="LAPTOP-5SGPDORB" failures="0" tests="3" name="dataDriverExcel.LoginCases" time="12.353" errors="0" timestamp="2025-11-05T20:56:14 IST" skipped="0">
  <testcase classname="dataDriverExcel.LoginCases" name="loginTest" time="3.759"/>
  <system-out/>
  <testcase classname="dataDriverExcel.LoginCases" name="loginTest" time="4.803"/>
  <system-out/>
  <testcase classname="dataDriverExcel.LoginCases" name="loginTest" time="3.791"/>
  <system-out/>
</testsuite> <!-- dataDriverExcel.LoginCases -->
