<?xml version="1.0" encoding="UTF-8"?>
<!-- Generated by org.testng.reporters.JUnitReportReporter -->
<testsuite hostname="LAPTOP-5SGPDORB" failures="0" tests="3" name="jsonDataDriven.JsonLoginTest" time="13.511" errors="0" timestamp="2025-11-05T22:48:58 IST" skipped="0">
  <testcase classname="jsonDataDriven.JsonLoginTest" name="loginTestIterator" time="6.079"/>
  <system-out/>
  <testcase classname="jsonDataDriven.JsonLoginTest" name="loginTestIterator" time="3.936"/>
  <system-out/>
  <testcase classname="jsonDataDriven.JsonLoginTest" name="loginTestIterator" time="3.496"/>
  <system-out/>
</testsuite> <!-- jsonDataDriven.JsonLoginTest -->
